{"meta": {"version": "6.5.0", "timestamp": "2024-12-09T18:47:30.336674", "branch_coverage": false, "show_contexts": false}, "files": {"aaa/__pycache__/test_phonebook.py": {"executed_lines": [1, 3, 6, 8, 13, 14, 16, 20, 22, 23, 24, 25, 27, 28, 29, 31, 32, 34, 35, 36, 37, 39, 40, 41, 42, 44, 45, 46, 47], "summary": {"covered_lines": 29, "num_statements": 29, "percent_covered": 100.0, "percent_covered_display": "100", "missing_lines": 0, "excluded_lines": 0}, "missing_lines": [], "excluded_lines": []}, "aaa/__pycache__/test_phonebook2.py": {"executed_lines": [1, 3, 6, 8, 13, 14, 16, 20, 22, 23, 24, 25, 27, 28, 29, 31, 32, 34, 35, 36, 37, 39, 40, 41, 42, 44, 45, 46, 47], "summary": {"covered_lines": 29, "num_statements": 29, "percent_covered": 100.0, "percent_covered_display": "100", "missing_lines": 0, "excluded_lines": 0}, "missing_lines": [], "excluded_lines": []}, "phonebook.py": {"executed_lines": [1, 3, 4, 6, 7, 9, 10, 12, 13, 14, 15, 16, 17, 18, 19], "summary": {"covered_lines": 15, "num_statements": 15, "percent_covered": 100.0, "percent_covered_display": "100", "missing_lines": 0, "excluded_lines": 0}, "missing_lines": [], "excluded_lines": []}}, "totals": {"covered_lines": 73, "num_statements": 73, "percent_covered": 100.0, "percent_covered_display": "100", "missing_lines": 0, "excluded_lines": 0}}